c:\users\ugur_\desktop\vs code\breakout_game_solution\breakout_game_project\x64\debug\vc143.pdb
c:\users\ugur_\desktop\vs code\breakout_game_solution\breakout_game_project\x64\debug\vc143.idb
c:\users\ugur_\desktop\vs code\breakout_game_solution\breakout_game_project\x64\debug\paddle.obj
c:\users\ugur_\desktop\vs code\breakout_game_solution\breakout_game_project\x64\debug\brick.obj
c:\users\ugur_\desktop\vs code\breakout_game_solution\breakout_game_project\x64\debug\background.obj
c:\users\ugur_\desktop\vs code\breakout_game_solution\breakout_game_project\x64\debug\main.obj
c:\users\ugur_\desktop\vs code\breakout_game_solution\breakout_game_project\x64\debug\interactions.obj
c:\users\ugur_\desktop\vs code\breakout_game_solution\breakout_game_project\x64\debug\entity.obj
c:\users\ugur_\desktop\vs code\breakout_game_solution\breakout_game_project\x64\debug\brick_placements.obj
c:\users\ugur_\desktop\vs code\breakout_game_solution\breakout_game_project\x64\debug\ball.obj
c:\users\ugur_\desktop\vs code\breakout_game_solution\breakout_game_project\x64\debug\game.obj
c:\users\ugur_\desktop\vs code\breakout_game_solution\x64\debug\breakout_game_project.exe
c:\users\ugur_\desktop\vs code\breakout_game_solution\x64\debug\breakout_game_project.pdb
c:\users\ugur_\desktop\vs code\breakout_game_solution\breakout_game_project\x64\debug\breakout_game_project.ilk
c:\users\ugur_\desktop\vs code\breakout_game_solution\breakout_game_project\x64\debug\breakout.adf7555b.tlog\cl.command.1.tlog
c:\users\ugur_\desktop\vs code\breakout_game_solution\breakout_game_project\x64\debug\breakout.adf7555b.tlog\cl.items.tlog
c:\users\ugur_\desktop\vs code\breakout_game_solution\breakout_game_project\x64\debug\breakout.adf7555b.tlog\cl.read.1.tlog
c:\users\ugur_\desktop\vs code\breakout_game_solution\breakout_game_project\x64\debug\breakout.adf7555b.tlog\cl.write.1.tlog
c:\users\ugur_\desktop\vs code\breakout_game_solution\breakout_game_project\x64\debug\breakout.adf7555b.tlog\link.command.1.tlog
c:\users\ugur_\desktop\vs code\breakout_game_solution\breakout_game_project\x64\debug\breakout.adf7555b.tlog\link.read.1.tlog
c:\users\ugur_\desktop\vs code\breakout_game_solution\breakout_game_project\x64\debug\breakout.adf7555b.tlog\link.secondary.1.tlog
c:\users\ugur_\desktop\vs code\breakout_game_solution\breakout_game_project\x64\debug\breakout.adf7555b.tlog\link.write.1.tlog
